#php error log

crazysal@am19:/etc/php/7.1/fpm$ sudo tail /var/log/php7.1-fpm.log
[27-Sep-2018 17:49:17] NOTICE: [pool www] child 17306 exited with code 0 after 8672.929257 seconds from start
[27-Sep-2018 17:49:17] NOTICE: [pool www] child 11329 started
[27-Sep-2018 17:49:23] NOTICE: [pool www] child 17349 exited with code 0 after 8670.343974 seconds from start
[27-Sep-2018 17:49:23] NOTICE: [pool www] child 11333 started
[27-Sep-2018 17:50:19] NOTICE: [pool www] child 17562 exited with code 0 after 8656.681814 seconds from start
[27-Sep-2018 17:50:19] NOTICE: [pool www] child 11531 started
[27-Sep-2018 17:51:08] NOTICE: [pool www] child 17586 exited with code 0 after 8682.347100 seconds from start
[27-Sep-2018 17:51:08] NOTICE: [pool www] child 11701 started
[27-Sep-2018 18:01:05] NOTICE: [pool www] child 19206 exited with code 0 after 8733.296374 seconds from start
[27-Sep-2018 18:01:05] NOTICE: [pool www] child 13497 started


# app error log

2018-09-21T13:34:25+10:00 INFO (6): Message: A BAD KEY WAS PROVIDED/CHARACTERS OUT OF RANGE;
 File: /home/crazysal/crazysales_4/src/vendor/zendframework/zendframework/library/Zend/Cache/Storage/Adapter/Memcached.php;
 Line: 701;
 Trace: #0 /home/crazysal/crazysales_4/src/vendor/zendframework/zendframework/library/Zend/Cache/Storage/Adapter/Memcached.php(290): Zend\Cache\Storage\Adapter\Memcached->getExceptionByResultCode(33)
#1 /home/crazysal/crazysales_4/src/vendor/zendframework/zendframework/library/Zend/Cache/Storage/Adapter/AbstractAdapter.php(474): Zend\Cache\Storage\Adapter\Memcached->internalHasItem('Suburbinfo-3153...')
#2 /home/crazysal/crazysales_4/src/module/Application/src/Application/Model/Address/AddressMapper.php(676): Zend\Cache\Storage\Adapter\AbstractAdapter->hasItem('Suburbinfo-3153...')
#3 /home/crazysal/crazysales_4/src/module/Application/src/Application/Controller/QasController.php(41): Application\Model\Address\AddressMapper->LoadSuburbByPostcode('3153 ')
#4 /home/crazysal/crazysales_4/src/vendor/zendframework/zendframework/library/Zend/Mvc/Controller/AbstractActionController.php(83): Application\Controller\QasController->getSubAndStatByPostcodeAction()
#5 [internal function]: Zend\Mvc\Controller\AbstractActionController->onDispatch(Object(Zend\Mvc\MvcEvent))
#6 /home/crazysal/crazysales_4/src/vendor/zendframework/zendframework/library/Zend/EventManager/EventManager.php(468): call_user_func(Array, Object(Zend\Mvc\MvcEvent))
#7 /home/crazysal/crazysales_4/src/vendor/zendframework/zendframework/library/Zend/EventManager/EventManager.php(207): Zend\EventManager\EventManager->triggerListeners('dispatch', Object(Zend\Mvc\MvcEvent), Object(Closure))
#8 /home/crazysal/crazysales_4/src/vendor/zendframework/zendframework/library/Zend/Mvc/Controller/AbstractController.php(117): Zend\EventManager\EventManager->trigger('dispatch', Object(Zend\Mvc\MvcEvent), Object(Closure))
#9 /home/crazysal/crazysales_4/src/vendor/zendframework/zendframework/library/Zend/Mvc/DispatchListener.php(114): Zend\Mvc\Controller\AbstractController->dispatch(Object(Zend\Http\PhpEnvironment\Request), Object(Zend\Http\PhpEnvironment\Response))
#10 [internal function]: Zend\Mvc\DispatchListener->onDispatch(Object(Zend\Mvc\MvcEvent))
#11 /home/crazysal/crazysales_4/src/vendor/zendframework/zendframework/library/Zend/EventManager/EventManager.php(468): call_user_func(Array, Object(Zend\Mvc\MvcEvent))
#12 /home/crazysal/crazysales_4/src/vendor/zendframework/zendframework/library/Zend/EventManager/EventManager.php(207): Zend\EventManager\EventManager->triggerListeners('dispatch', Object(Zend\Mvc\MvcEvent), Object(Closure))
#13 /home/crazysal/crazysales_4/src/vendor/zendframework/zendframework/library/Zend/Mvc/Application.php(309): Zend\EventManager\EventManager->trigger('dispatch', Object(Zend\Mvc\MvcEvent), Object(Closure))
#14 /home/crazysal/crazysales_4/src/public/index.php(55): Zend\Mvc\Application->run()
#15 {main};
2018-09-21T13:34:57+10:00 INFO (6): Message: A BAD KEY WAS PROVIDED/CHARACTERS OUT OF RANGE;
 File: /home/crazysal/crazysales_4/src/vendor/zendframework/zendframework/library/Zend/Cache/Storage/Adapter/Memcached.php;
 Line: 701;
 Trace: #0 /home/crazysal/crazysales_4/src/vendor/zendframework/zendframework/library/Zend/Cache/Storage/Adapter/Memcached.php(290): Zend\Cache\Storage\Adapter\Memcached->getExceptionByResultCode(33)
#1 /home/crazysal/crazysales_4/src/vendor/zendframework/zendframework/library/Zend/Cache/Storage/Adapter/AbstractAdapter.php(474): Zend\Cache\Storage\Adapter\Memcached->internalHasItem('Suburbinfo-3153...')
#2 /home/crazysal/crazysales_4/src/module/Application/src/Application/Model/Address/AddressMapper.php(676): Zend\Cache\Storage\Adapter\AbstractAdapter->hasItem('Suburbinfo-3153...')
#3 /home/crazysal/crazysales_4/src/module/Application/src/Application/Controller/QasController.php(41): Application\Model\Address\AddressMapper->LoadSuburbByPostcode('3153 ')
#4 /home/crazysal/crazysales_4/src/vendor/zendframework/zendframework/library/Zend/Mvc/Controller/AbstractActionController.php(83): Application\Controller\QasController->getSubAndStatByPostcodeAction()
#5 [internal function]: Zend\Mvc\Controller\AbstractActionController->onDispatch(Object(Zend\Mvc\MvcEvent))
#6 /home/crazysal/crazysales_4/src/vendor/zendframework/zendframework/library/Zend/EventManager/EventManager.php(468): call_user_func(Array, Object(Zend\Mvc\MvcEvent))
#7 /home/crazysal/crazysales_4/src/vendor/zendframework/zendframework/library/Zend/EventManager/EventManager.php(207): Zend\EventManager\EventManager->triggerListeners('dispatch', Object(Zend\Mvc\MvcEvent), Object(Closure))
#8 /home/crazysal/crazysales_4/src/vendor/zendframework/zendframework/library/Zend/Mvc/Controller/AbstractController.php(117): Zend\EventManager\EventManager->trigger('dispatch', Object(Zend\Mvc\MvcEvent), Object(Closure))
#9 /home/crazysal/crazysales_4/src/vendor/zendframework/zendframework/library/Zend/Mvc/DispatchListener.php(114): Zend\Mvc\Controller\AbstractController->dispatch(Object(Zend\Http\PhpEnvironment\Request), Object(Zend\Http\PhpEnvironment\Response))
#10 [internal function]: Zend\Mvc\DispatchListener->onDispatch(Object(Zend\Mvc\MvcEvent))
#11 /home/crazysal/crazysales_4/src/vendor/zendframework/zendframework/library/Zend/EventManager/EventManager.php(468): call_user_func(Array, Object(Zend\Mvc\MvcEvent))
#12 /home/crazysal/crazysales_4/src/vendor/zendframework/zendframework/library/Zend/EventManager/EventManager.php(207): Zend\EventManager\EventManager->triggerListeners('dispatch', Object(Zend\Mvc\MvcEvent), Object(Closure))
#13 /home/crazysal/crazysales_4/src/vendor/zendframework/zendframework/library/Zend/Mvc/Application.php(309): Zend\EventManager\EventManager->trigger('dispatch', Object(Zend\Mvc\MvcEvent), Object(Closure))
#14 /home/crazysal/crazysales_4/src/public/index.php(55): Zend\Mvc\Application->run()
#15 {main};
#nginx bd accesslog

 log_format main  '$http_x_forwarded_for $remote_addr $remote_user [$time_local]'
                      ' [$host]'
                      ' $status'
                      ' $body_bytes_sent'
                      ' "$request_method"'
                      ' "$scheme://$host$request_uri $server_protocol"'
                      ' "$http_referer"'
                      ' "$request_time $upstream_response_time $upstream_addr"'
                      ' "$PHPSESSID"'
                      ' "$http_user_agent"';
                      

- 49.225.247.27 - [14/May/2019:12:38:23 +1000] [www.bestdeals.co.nz] 200 19596 "GET" "https://www.bestdeals.co.nz/viewcart HTTP/1.1" "https://www.bestdeals.co.nz/viewcart" "0.099 0.099 127.0.0.1:9001" "nhan0rmvln2qdplo0vqp58ks66" "Mozilla/5.0 (iPad; CPU OS 10_3_3 like Mac OS X) AppleWebKit/603.1.30 (KHTML, like Gecko) CriOS/59.0.3071.102 Mobile/14G60 Safari/602.1"
BESTDEALSACCESS (?:%{IP:http_x_forwarded_for}|-) %{IP:remote_addr} (?:%{NOTSPACE:remote_user}|-) \[%{HTTPDATE:timestamp}\] \[%{IPORHOST:host}\] %{NUMBER:status} (?:%{NUMBER:body_bytes_sent}|-) \"%{DATA:request_method}\" \"(?:%{URI:http_referer}|-) %{DATA:server_protocol}\" \"(?:%{DATA:http_referer}|-)\" \"(?:%{BASE16FLOAT:request_time}|-) (?:%{BASE16FLOAT:upstream_response_time}|-) (?:%{IPORHOST}:%{POSINT}%|%{DATA:upstream}|-)\" %{DATA:PHPSESSID} \"%{DATA:http_user_agent}\"

#nginx cs accesslog

log_format main  '$http_x_forwarded_for $remote_addr - $remote_user [$time_local]'
                      '[$host]'
                      '"$request_method $scheme://$host$request_uri $server_protocol" $status $body_bytes_sent'
                      '"$http_referer" "$http_user_agent" "$upstream_cache_status"'
                      ' "$request_time $upstream_response_time $upstream_addr"'
                      ' "$http_cdn_src_ip" "$http_true_client_ip" "$geoip_country_code" "$PHPSESSID" ';

103.247.38.250 103.247.38.250 - - [14/May/2019:12:29:11 +1000][www.crazysales.com.au]"GET https://www.crazysales.com.au/online-48-metal-pet-cage-wheeled-cat-crate-collapsible-dog-kennel-with-2-trays-cushion-cover-148653.html HTTP/1.1" 200 33527"-" "Mozilla/5.0 (Windows NT 6.1) AppleWebKit/537.36 (KHTML, like Gecko) Chrome/74.0.3729.131 Safari/537.36" "-" "0.422 0.420 127.0.0.1:9001" "-" "-" "PH" "fe89k91m47v9nuqpbdm8vev5ur"
CSNGINXACCESS (?:%{IP:http_x_forwarded_for}|-) %{IP:remote_addr} \- (?:%{NOTSPACE:remote_user}|-) \[%{HTTPDATE:timestamp}\]\[%{IPORHOST:host}\]\"%{DATA:request_method} (?:%{URI:http_referer}|-) %{DATA:server_protocol}\" %{NUMBER:status} (?:%{NUMBER:body_bytes_sent}|-)\"(?:%{DATA:http_referer}|-)\" \"%{DATA:http_user_agent}\" \"(?:%{NUMBER:upstream_cache_status}|-)\" \"(?:%{BASE16FLOAT:request_time}|-) (?:%{BASE16FLOAT:upstream_response_time}|-) (?:%{IPORHOST}:%{POSINT}%|%{DATA:upstream}|-)\" \"(?:%{IP:http_cdn_src_ip}|-)\" \"(?:%{IP:http_true_client_ip}|-)\"


[2018-09-28T02:16:29,865][ERROR][logstash.outputs.elasticsearch] Could not index event to Elasticsearch. {:status=>400, :action=>["index", {:_id=>nil, :_index=>"logstash-CSnginxaccess-2018.09.28", :_type=>"CSnginxaccess", :_routing=>nil}, #<LogStash::Event:0x26915c50>], :response=>{"index"=>{"_index"=>"logstash-CSnginxaccess-2018.09.28", "_type"=>"CSnginxaccess", "_id"=>nil, "status"=>400, "error"=>{"type"=>"invalid_index_name_exception", "reason"=>"Invalid index name [logstash-CSnginxaccess-2018.09.28], must be lowercase", "index_uuid"=>"_na_", "index"=>"logstash-CSnginxaccess-2018.09.28"}}}}
